Copyright 1986-2015 Xilinx, Inc. All Rights Reserved.
---------------------------------------------------------------------------------------------------
| Tool Version      : Vivado v.2015.3 (lin64) Build 1368829 Mon Sep 28 20:06:39 MDT 2015
| Date              : Tue Mar 29 17:17:15 2016
| Host              : cspc338.cs.man.ac.uk running 64-bit Fedora release 20 (Heisenbug)
| Command           : report_clock_utilization -file design_1_wrapper_clock_utilization_routed.rpt
| Design            : design_1_wrapper
| Device            : 7z020-clg484
| Speed File        : -1  PRODUCTION 1.11 2014-09-11
| Temperature Grade : C
---------------------------------------------------------------------------------------------------

Clock Utilization Report

Table of Contents
-----------------
1. Clock Primitive Utilization
2. Details of Global Clocks
3. Details of Regional Clocks
4. Details of Multi-Regional Clocks
5. Details of I/O Clocks
6. Details of Local Clocks
7. Clock Regions : Key Resource Utilization
8. Net wise resources used in clock region X0Y0
9. Net wise resources used in clock region X1Y0
10. Net wise resources used in clock region X0Y1
11. Net wise resources used in clock region X1Y1
12. Net wise resources used in clock region X0Y2

1. Clock Primitive Utilization
------------------------------

+-------+------+-----------+-----------+
| Type  | Used | Available | Num Fixed |
+-------+------+-----------+-----------+
| BUFG  |    4 |        32 |         0 |
| BUFH  |    0 |        72 |         0 |
| BUFIO |    0 |        16 |         0 |
| MMCM  |    1 |         4 |         0 |
| PLL   |    0 |         4 |         0 |
| BUFR  |    0 |        16 |         0 |
| BUFMR |    0 |         8 |         0 |
+-------+------+-----------+-----------+


2. Details of Global Clocks
---------------------------

+-------+------------------------------------------------------------------------+-------------------------------------------------------------+--------------+-------+
|       |                                                                        |                                                             |   Num Loads  |       |
+-------+------------------------------------------------------------------------+-------------------------------------------------------------+------+-------+-------+
| Index | BUFG Cell                                                              | Net Name                                                    | BELs | Sites | Fixed |
+-------+------------------------------------------------------------------------+-------------------------------------------------------------+------+-------+-------+
|     1 | design_1_i/clk_wiz_0/inst/clkf_buf                                     | design_1_i/clk_wiz_0/inst/clkfbout_buf_design_1_clk_wiz_0_0 |    1 |     1 |    no |
|     2 | PCLK_IBUF_BUFG_inst                                                    | PCLK_IBUF_BUFG                                              |   89 |    31 |    no |
|     3 | design_1_i/clk_wiz_0/inst/clkout2_buf                                  | design_1_i/clk_wiz_0/inst/clk_out2                          |  111 |    37 |    no |
|     4 | design_1_i/processing_system7_0/inst/buffer_fclk_clk_0.FCLK_CLK_0_BUFG | design_1_i/processing_system7_0/inst/FCLK_CLK0              | 6207 |  1814 |    no |
+-------+------------------------------------------------------------------------+-------------------------------------------------------------+------+-------+-------+


+-------+-----------------------------------------+--------------------------+---------------------------------------------------------+--------------+-------+
|       |                                         |          BUFHCE          |                                                         |   Num Loads  |       |
+-------+-----------------------------------------+------------+-------------+---------------------------------------------------------+------+-------+-------+
| Index | Src of Rt-thru BUFHCE                   | Clk-Region | Site        | Net Name                                                | BELs | Sites | Fixed |
+-------+-----------------------------------------+------------+-------------+---------------------------------------------------------+------+-------+-------+
|     1 | design_1_i/clk_wiz_0/inst/mmcm_adv_inst | X0Y0       | BUFHCE_X0Y1 | design_1_i/clk_wiz_0/inst/clk_out1_design_1_clk_wiz_0_0 |    1 |     1 |    no |
+-------+-----------------------------------------+------------+-------------+---------------------------------------------------------+------+-------+-------+


+-------+-----------------------------------------+---------------------------------------------------------+--------------+-------+
|       |                                         |                                                         |   Num Loads  |       |
+-------+-----------------------------------------+---------------------------------------------------------+------+-------+-------+
| Index | MMCM Cell                               | Net Name                                                | BELs | Sites | Fixed |
+-------+-----------------------------------------+---------------------------------------------------------+------+-------+-------+
|     1 | design_1_i/clk_wiz_0/inst/mmcm_adv_inst | design_1_i/clk_wiz_0/inst/clk_out1_design_1_clk_wiz_0_0 |    1 |     1 |    no |
|     2 | design_1_i/clk_wiz_0/inst/mmcm_adv_inst | design_1_i/clk_wiz_0/inst/clk_out2_design_1_clk_wiz_0_0 |    1 |     1 |    no |
|     3 | design_1_i/clk_wiz_0/inst/mmcm_adv_inst | design_1_i/clk_wiz_0/inst/clkfbout_design_1_clk_wiz_0_0 |    1 |     1 |    no |
+-------+-----------------------------------------+---------------------------------------------------------+------+-------+-------+


3. Details of Regional Clocks
-----------------------------

4. Details of Multi-Regional Clocks
-----------------------------------

5. Details of I/O Clocks
------------------------

6. Details of Local Clocks
--------------------------

+-------+----------------------------------------+--------------------------------------------------------+--------------+-------+
|       |                                        |                                                        |   Num Loads  |       |
+-------+----------------------------------------+--------------------------------------------------------+------+-------+-------+
| Index | Local Clk Src                          | Net Name                                               | BELs | Sites | Fixed |
+-------+----------------------------------------+--------------------------------------------------------+------+-------+-------+
|     1 | design_1_i/clk_wiz_0/inst/clkin1_ibufg | design_1_i/clk_wiz_0/inst/clk_in1_design_1_clk_wiz_0_0 |    1 |     1 |   yes |
+-------+----------------------------------------+--------------------------------------------------------+------+-------+-------+


7. Clock Regions : Key Resource Utilization
-------------------------------------------

+-------------------+--------------+--------------+--------------+--------------+--------------+--------------+--------------+--------------+--------------+--------------+--------------+--------------+--------------+--------------+--------------+
|                   | Global Clock |     BUFRs    |    BUFMRs    |    BUFIOs    |     MMCM     |      PLL     |      GT      |      PCI     |    ILOGIC    |    OLOGIC    |      FF      |     LUTM     |    RAMB18    |    RAMB36    |    DSP48E1   |
+-------------------+------+-------+------+-------+------+-------+------+-------+------+-------+------+-------+------+-------+------+-------+------+-------+------+-------+------+-------+------+-------+------+-------+------+-------+------+-------+
| Clock Region Name | Used | Avail | Used | Avail | Used | Avail | Used | Avail | Used | Avail | Used | Avail | Used | Avail | Used | Avail | Used | Avail | Used | Avail | Used | Avail | Used | Avail | Used | Avail | Used | Avail | Used | Avail |
+-------------------+------+-------+------+-------+------+-------+------+-------+------+-------+------+-------+------+-------+------+-------+------+-------+------+-------+------+-------+------+-------+------+-------+------+-------+------+-------+
| X0Y0              |    4 |    12 |    0 |     4 |    0 |     2 |    0 |     4 |    1 |     1 |    0 |     1 |    0 |     0 |    0 |     0 |    0 |    50 |    0 |    50 | 3478 | 20000 |  342 |  4000 |    0 |    60 |    6 |    30 |    0 |    60 |
| X1Y0              |    2 |    12 |    0 |     4 |    0 |     2 |    0 |     4 |    0 |     1 |    0 |     1 |    0 |     0 |    0 |     0 |    0 |    50 |    0 |    50 |   63 | 25600 |    0 |  3400 |    0 |    60 |    0 |    30 |    0 |    40 |
| X0Y1              |    1 |    12 |    0 |     0 |    0 |     0 |    0 |     0 |    0 |     0 |    0 |     0 |    0 |     0 |    0 |     0 |    0 |     0 |    0 |     0 | 1654 |  9600 |  158 |  1600 |    0 |    20 |    0 |    10 |    0 |    20 |
| X1Y1              |    1 |    12 |    0 |     4 |    0 |     2 |    0 |     4 |    0 |     1 |    0 |     1 |    0 |     0 |    0 |     0 |    0 |    50 |    0 |    50 |   47 | 20800 |    0 |  3400 |    0 |    60 |    0 |    30 |    0 |    40 |
| X0Y2              |    1 |    12 |    0 |     0 |    0 |     0 |    0 |     0 |    0 |     0 |    0 |     0 |    0 |     0 |    0 |     0 |    0 |     0 |    0 |     0 |  607 |  9600 |   45 |  1600 |    0 |    20 |    0 |    10 |    0 |    20 |
| X1Y2              |    0 |    12 |    0 |     4 |    0 |     2 |    0 |     4 |    0 |     1 |    0 |     1 |    0 |     0 |    0 |     0 |    0 |    50 |    0 |    50 |    0 | 20800 |    0 |  3400 |    0 |    60 |    0 |    30 |    0 |    40 |
+-------------------+------+-------+------+-------+------+-------+------+-------+------+-------+------+-------+------+-------+------+-------+------+-------+------+-------+------+-------+------+-------+------+-------+------+-------+------+-------+
* RAMB36 site can be used as two RAMB18/FIFO18 sites.


8. Net wise resources used in clock region X0Y0
-----------------------------------------------

+-------------+--------------+-------+-----------+----------+---------+-----------+---------+---------+------+-------+----------+-------------------------------------------------------------+
| Source Type | BUFHCE Site  | Fixed | MMCM Pins | PLL Pins | GT Pins | BRAM Pins | ILOGICs | OLOGICs |  FFs | LUTMs | DSP48E1s |                        Clock Net Name                       |
+-------------+--------------+-------+-----------+----------+---------+-----------+---------+---------+------+-------+----------+-------------------------------------------------------------+
| BUFG        | BUFHCE_X0Y0  |   no  |         1 |        0 |       0 |         0 |       0 |       0 |    0 |     0 |        0 | design_1_i/clk_wiz_0/inst/clkfbout_buf_design_1_clk_wiz_0_0 |
| BUFG        | BUFHCE_X0Y8  |   no  |         0 |        0 |       0 |         4 |       0 |       0 |   84 |     0 |        0 | design_1_i/clk_wiz_0/inst/clk_out2                          |
| BUFG        | BUFHCE_X0Y9  |   no  |         0 |        0 |       0 |         4 |       0 |       0 |   85 |     0 |        0 | PCLK_IBUF_BUFG                                              |
| BUFG        | BUFHCE_X0Y10 |   no  |         0 |        0 |       0 |         4 |       0 |       0 | 3309 |   342 |        0 | design_1_i/processing_system7_0/inst/FCLK_CLK0              |
+-------------+--------------+-------+-----------+----------+---------+-----------+---------+---------+------+-------+----------+-------------------------------------------------------------+


9. Net wise resources used in clock region X1Y0
-----------------------------------------------

+-------------+-------------+-------+-----------+----------+---------+-----------+---------+---------+-----+-------+----------+------------------------------------------------+
| Source Type | BUFHCE Site | Fixed | MMCM Pins | PLL Pins | GT Pins | BRAM Pins | ILOGICs | OLOGICs | FFs | LUTMs | DSP48E1s |                 Clock Net Name                 |
+-------------+-------------+-------+-----------+----------+---------+-----------+---------+---------+-----+-------+----------+------------------------------------------------+
| BUFG        | BUFHCE_X1Y8 |   no  |         0 |        0 |       0 |         0 |       0 |       0 |  23 |     0 |        0 | design_1_i/clk_wiz_0/inst/clk_out2             |
| BUFG        | BUFHCE_X1Y9 |   no  |         0 |        0 |       0 |         0 |       0 |       0 |  40 |     0 |        0 | design_1_i/processing_system7_0/inst/FCLK_CLK0 |
+-------------+-------------+-------+-----------+----------+---------+-----------+---------+---------+-----+-------+----------+------------------------------------------------+


10. Net wise resources used in clock region X0Y1
------------------------------------------------

+-------------+--------------+-------+-----------+----------+---------+-----------+---------+---------+------+-------+----------+------------------------------------------------+
| Source Type | BUFHCE Site  | Fixed | MMCM Pins | PLL Pins | GT Pins | BRAM Pins | ILOGICs | OLOGICs |  FFs | LUTMs | DSP48E1s |                 Clock Net Name                 |
+-------------+--------------+-------+-----------+----------+---------+-----------+---------+---------+------+-------+----------+------------------------------------------------+
| BUFG        | BUFHCE_X0Y20 |   no  |         0 |        0 |       0 |         0 |       0 |       0 | 1654 |   158 |        0 | design_1_i/processing_system7_0/inst/FCLK_CLK0 |
+-------------+--------------+-------+-----------+----------+---------+-----------+---------+---------+------+-------+----------+------------------------------------------------+


11. Net wise resources used in clock region X1Y1
------------------------------------------------

+-------------+--------------+-------+-----------+----------+---------+-----------+---------+---------+-----+-------+----------+------------------------------------------------+
| Source Type | BUFHCE Site  | Fixed | MMCM Pins | PLL Pins | GT Pins | BRAM Pins | ILOGICs | OLOGICs | FFs | LUTMs | DSP48E1s |                 Clock Net Name                 |
+-------------+--------------+-------+-----------+----------+---------+-----------+---------+---------+-----+-------+----------+------------------------------------------------+
| BUFG        | BUFHCE_X1Y20 |   no  |         0 |        0 |       0 |         0 |       0 |       0 |  47 |     0 |        0 | design_1_i/processing_system7_0/inst/FCLK_CLK0 |
+-------------+--------------+-------+-----------+----------+---------+-----------+---------+---------+-----+-------+----------+------------------------------------------------+


12. Net wise resources used in clock region X0Y2
------------------------------------------------

+-------------+--------------+-------+-----------+----------+---------+-----------+---------+---------+-----+-------+----------+------------------------------------------------+
| Source Type | BUFHCE Site  | Fixed | MMCM Pins | PLL Pins | GT Pins | BRAM Pins | ILOGICs | OLOGICs | FFs | LUTMs | DSP48E1s |                 Clock Net Name                 |
+-------------+--------------+-------+-----------+----------+---------+-----------+---------+---------+-----+-------+----------+------------------------------------------------+
| BUFG        | BUFHCE_X0Y32 |   no  |         0 |        0 |       0 |         0 |       0 |       0 | 607 |    45 |        0 | design_1_i/processing_system7_0/inst/FCLK_CLK0 |
+-------------+--------------+-------+-----------+----------+---------+-----------+---------+---------+-----+-------+----------+------------------------------------------------+



# Location of BUFG Primitives 
set_property LOC BUFGCTRL_X0Y1 [get_cells PCLK_IBUF_BUFG_inst]
set_property LOC BUFGCTRL_X0Y0 [get_cells design_1_i/clk_wiz_0/inst/clkout2_buf]
set_property LOC BUFGCTRL_X0Y2 [get_cells design_1_i/clk_wiz_0/inst/clkf_buf]
set_property LOC BUFGCTRL_X0Y16 [get_cells design_1_i/processing_system7_0/inst/buffer_fclk_clk_0.FCLK_CLK_0_BUFG]

# Location of IO Clock Primitives

# Location of MMCM Clock Primitives
set_property LOC MMCME2_ADV_X0Y0 [get_cells design_1_i/clk_wiz_0/inst/mmcm_adv_inst]

# Location of BUFH Clock Primitives

# Location of BUFR Clock Primitives

# Location of BUFMR Clock Primitives

# Location of PLL Clock Primitives

# Location of IO Primitives which is load of clock spine

# Location of clock ports
set_property LOC IOB_X0Y42 [get_ports PCLK]
set_property LOC IOB_X0Y26 [get_ports clk_main]

# Clock net "PCLK_IBUF_BUFG" driven by instance "PCLK_IBUF_BUFG_inst" located at site "BUFGCTRL_X0Y1"
#startgroup
create_pblock {CLKAG_PCLK_IBUF_BUFG}
add_cells_to_pblock [get_pblocks  {CLKAG_PCLK_IBUF_BUFG}] [get_cells -filter { PRIMITIVE_GROUP != I/O && IS_PRIMITIVE==1 && PRIMITIVE_LEVEL !=INTERNAL } -of_object [get_pins -filter {DIRECTION==IN} -of_objects [get_nets -hierarchical -filter {PARENT=="PCLK_IBUF_BUFG"}]]]
resize_pblock [get_pblocks {CLKAG_PCLK_IBUF_BUFG}] -add {CLOCKREGION_X0Y0:CLOCKREGION_X0Y0}
#endgroup

# Clock net "design_1_i/clk_wiz_0/inst/clk_out1_design_1_clk_wiz_0_0" driven by instance "design_1_i/clk_wiz_0/inst/mmcm_adv_inst" located at site "MMCME2_ADV_X0Y0"
#startgroup
create_pblock {CLKAG_design_1_i/clk_wiz_0/inst/clk_out1_design_1_clk_wiz_0_0}
add_cells_to_pblock [get_pblocks  {CLKAG_design_1_i/clk_wiz_0/inst/clk_out1_design_1_clk_wiz_0_0}] [get_cells -filter { PRIMITIVE_GROUP != I/O && IS_PRIMITIVE==1 && PRIMITIVE_LEVEL !=INTERNAL } -of_object [get_pins -filter {DIRECTION==IN} -of_objects [get_nets -hierarchical -filter {PARENT=="design_1_i/clk_wiz_0/inst/clk_out1_design_1_clk_wiz_0_0"}]]]
resize_pblock [get_pblocks {CLKAG_design_1_i/clk_wiz_0/inst/clk_out1_design_1_clk_wiz_0_0}] -add {CLOCKREGION_X0Y0:CLOCKREGION_X0Y0}
#endgroup

# Clock net "design_1_i/clk_wiz_0/inst/clk_out1_design_1_clk_wiz_0_0" driven by instance "design_1_i/clk_wiz_0/inst/mmcm_adv_inst" located at site "MMCME2_ADV_X0Y0"
#startgroup
create_pblock {CLKAG_design_1_i/clk_wiz_0/inst/clk_out1_design_1_clk_wiz_0_0}
add_cells_to_pblock [get_pblocks  {CLKAG_design_1_i/clk_wiz_0/inst/clk_out1_design_1_clk_wiz_0_0}] [get_cells -filter { PRIMITIVE_GROUP != I/O && IS_PRIMITIVE==1 && PRIMITIVE_LEVEL !=INTERNAL } -of_object [get_pins -filter {DIRECTION==IN} -of_objects [get_nets -hierarchical -filter {PARENT=="design_1_i/clk_wiz_0/inst/clk_out1_design_1_clk_wiz_0_0"}]]]
resize_pblock [get_pblocks {CLKAG_design_1_i/clk_wiz_0/inst/clk_out1_design_1_clk_wiz_0_0}] -add {CLOCKREGION_X0Y0:CLOCKREGION_X0Y0}
#endgroup

# Clock net "design_1_i/clk_wiz_0/inst/clk_out2" driven by instance "design_1_i/clk_wiz_0/inst/clkout2_buf" located at site "BUFGCTRL_X0Y0"
#startgroup
create_pblock {CLKAG_design_1_i/clk_wiz_0/inst/clk_out2}
add_cells_to_pblock [get_pblocks  {CLKAG_design_1_i/clk_wiz_0/inst/clk_out2}] [get_cells -filter { PRIMITIVE_GROUP != I/O && IS_PRIMITIVE==1 && PRIMITIVE_LEVEL !=INTERNAL } -of_object [get_pins -filter {DIRECTION==IN} -of_objects [get_nets -hierarchical -filter {PARENT=="design_1_i/clk_wiz_0/inst/clk_out2"}]]]
resize_pblock [get_pblocks {CLKAG_design_1_i/clk_wiz_0/inst/clk_out2}] -add {CLOCKREGION_X0Y0:CLOCKREGION_X0Y0 CLOCKREGION_X1Y0:CLOCKREGION_X1Y0}
#endgroup

# Clock net "design_1_i/processing_system7_0/inst/FCLK_CLK0" driven by instance "design_1_i/processing_system7_0/inst/buffer_fclk_clk_0.FCLK_CLK_0_BUFG" located at site "BUFGCTRL_X0Y16"
#startgroup
create_pblock {CLKAG_design_1_i/processing_system7_0/inst/FCLK_CLK0}
add_cells_to_pblock [get_pblocks  {CLKAG_design_1_i/processing_system7_0/inst/FCLK_CLK0}] [get_cells -filter { PRIMITIVE_GROUP != I/O && IS_PRIMITIVE==1 && PRIMITIVE_LEVEL !=INTERNAL } -of_object [get_pins -filter {DIRECTION==IN} -of_objects [get_nets -hierarchical -filter {PARENT=="design_1_i/processing_system7_0/inst/FCLK_CLK0"}]]]
resize_pblock [get_pblocks {CLKAG_design_1_i/processing_system7_0/inst/FCLK_CLK0}] -add {CLOCKREGION_X0Y0:CLOCKREGION_X0Y0 CLOCKREGION_X0Y1:CLOCKREGION_X0Y1 CLOCKREGION_X0Y2:CLOCKREGION_X0Y2 CLOCKREGION_X1Y0:CLOCKREGION_X1Y0 CLOCKREGION_X1Y1:CLOCKREGION_X1Y1}
#endgroup
