#! /usr/bin/vvp
:ivl_version "0.9.6 " "(v0_9_6)";
:vpi_time_precision + 0;
:vpi_module "system";
:vpi_module "v2005_math";
:vpi_module "va_math";
S_0x286c720 .scope module, "dvs_to_stream_v1" "dvs_to_stream_v1" 2 1;
 .timescale 0 0;
L_0x28a4c00 .functor BUFZ 1, C4<z>, C4<0>, C4<0>, C4<0>;
v0x286c3d0_0 .net "aclk", 0 0, L_0x28a4f20; 1 drivers
v0x28a45e0_0 .net "address", 16 0, C4<zzzzzzzzzzzzzzzzz>; 0 drivers
v0x28a4680_0 .var "col_count", 8 0;
v0x28a4720_0 .var "m_axis_tdata", 31 0;
v0x28a47d0_0 .var "m_axis_tlast", 0 0;
v0x28a4870_0 .net "m_axis_tready", 0 0, C4<z>; 0 drivers
v0x28a4950_0 .var "m_axis_tuser", 0 0;
v0x28a49f0_0 .net "m_axis_tvalid", 0 0, L_0x28a4c00; 1 drivers
v0x28a4ae0_0 .net "pclk", 0 0, C4<z>; 0 drivers
v0x28a4b80_0 .net "pix", 7 0, C4<zzzzzzzz>; 0 drivers
v0x28a4c80_0 .net "ref", 9 0, C4<zzzzzzzzzz>; 0 drivers
v0x28a4d20_0 .net "reset", 0 0, C4<z>; 0 drivers
v0x28a4e30_0 .net "write_enable", 0 0, C4<z>; 0 drivers
E_0x286c860/0 .event negedge, v0x28a4d20_0;
E_0x286c860/1 .event posedge, v0x28a4e30_0;
E_0x286c860 .event/or E_0x286c860/0, E_0x286c860/1;
E_0x286c600/0 .event negedge, v0x28a4d20_0;
E_0x286c600/1 .event posedge, v0x28a4ae0_0;
E_0x286c600 .event/or E_0x286c600/0, E_0x286c600/1;
L_0x28a4f20 .reduce/nor C4<z>;
    .scope S_0x286c720;
T_0 ;
    %ix/load 0, 32, 0;
    %assign/v0 v0x28a4720_0, 0, 0;
    %ix/load 0, 1, 0;
    %assign/v0 v0x28a47d0_0, 0, 0;
    %ix/load 0, 1, 0;
    %assign/v0 v0x28a4950_0, 0, 0;
    %ix/load 0, 9, 0;
    %assign/v0 v0x28a4680_0, 0, 0;
    %end;
    .thread T_0;
    .scope S_0x286c720;
T_1 ;
    %wait E_0x286c600;
    %load/v 8, v0x28a4d20_0, 1;
    %jmp/0xz  T_1.0, 8;
    %ix/load 0, 32, 0;
    %assign/v0 v0x28a4720_0, 0, 0;
    %ix/load 0, 1, 0;
    %assign/v0 v0x28a47d0_0, 0, 0;
    %ix/load 0, 1, 0;
    %assign/v0 v0x28a4950_0, 0, 0;
    %jmp T_1.1;
T_1.0 ;
    %load/v 8, v0x28a4b80_0, 8;
    %load/v 16, v0x28a4c80_0, 10;
    %mov 26, 0, 6;
    %mov 32, 1, 8;
    %ix/load 0, 32, 0;
    %assign/v0 v0x28a4720_0, 0, 8;
    %load/v 8, v0x28a45e0_0, 17;
    %cmpi/u 8, 0, 17;
    %jmp/0xz  T_1.2, 4;
    %set/v v0x28a4950_0, 1, 1;
    %jmp T_1.3;
T_1.2 ;
    %set/v v0x28a4950_0, 0, 1;
T_1.3 ;
    %load/v 8, v0x28a4680_0, 9;
    %cmpi/u 8, 319, 9;
    %jmp/0xz  T_1.4, 4;
    %set/v v0x28a47d0_0, 1, 1;
    %jmp T_1.5;
T_1.4 ;
    %set/v v0x28a47d0_0, 0, 1;
T_1.5 ;
T_1.1 ;
    %jmp T_1;
    .thread T_1;
    .scope S_0x286c720;
T_2 ;
    %wait E_0x286c860;
    %load/v 8, v0x28a4d20_0, 1;
    %jmp/0xz  T_2.0, 8;
    %ix/load 0, 9, 0;
    %assign/v0 v0x28a4680_0, 0, 0;
    %jmp T_2.1;
T_2.0 ;
    %load/v 8, v0x28a45e0_0, 17;
    %cmpi/u 8, 0, 17;
    %jmp/0xz  T_2.2, 4;
    %ix/load 0, 9, 0;
    %assign/v0 v0x28a4680_0, 0, 0;
    %jmp T_2.3;
T_2.2 ;
    %ix/load 0, 1, 0;
    %load/vp0 8, v0x28a4680_0, 9;
    %ix/load 0, 9, 0;
    %assign/v0 v0x28a4680_0, 0, 8;
T_2.3 ;
T_2.1 ;
    %jmp T_2;
    .thread T_2;
# The file index is used to find the file name in the following table.
:file_names 3;
    "N/A";
    "<interactive>";
    "dvs_to_stream_v1.v";
