#! /usr/bin/vvp
:ivl_version "0.9.6 " "(v0_9_6)";
:vpi_time_precision + 0;
:vpi_module "system";
:vpi_module "v2005_math";
:vpi_module "va_math";
S_0x18451b0 .scope module, "block_to_pixel_v1" "block_to_pixel_v1" 2 1;
 .timescale 0 0;
P_0x1847ad8 .param/l "LIFE_ONE" 2 18, C4<000001>;
P_0x1847b00 .param/l "LIFE_ZERO" 2 17, C4<000000>;
P_0x1847b28 .param/l "MAX_LIFE_COUNT" 2 16, C4<111100>;
L_0x18825c0 .functor BUFZ 1, C4<z>, C4<0>, C4<0>, C4<0>;
v0x18463f0_0 .net *"_s2", 2 0, L_0x1882bd0; 1 drivers
v0x1881fa0_0 .net *"_s7", 0 0, C4<0>; 1 drivers
v0x1882040_0 .var "bram_addr", 31 0;
v0x18820e0_0 .net "bram_en", 0 0, L_0x1882e50; 1 drivers
v0x1882190_0 .net "bram_rddata", 31 0, C4<zzzzzzzzzzzzzzzzzzzzzzzzzzzzzzzz>; 0 drivers
v0x1882230_0 .net "bram_rst", 0 0, L_0x18825c0; 1 drivers
v0x1882310_0 .net "bram_we", 3 0, L_0x1882d60; 1 drivers
v0x18823b0_0 .net "col_count", 8 0, C4<zzzzzzzzz>; 0 drivers
v0x18824a0_0 .var "even_odd_pixel", 0 0;
v0x1882540_0 .var "get_new_block", 0 0;
v0x1882640_0 .var "get_new_block_life", 5 0;
v0x18826e0_0 .net "pclk", 0 0, C4<z>; 0 drivers
v0x18827f0_0 .var "pixel_out", 9 0;
v0x1882890_0 .net "qvga_address", 16 0, C4<zzzzzzzzzzzzzzzzz>; 0 drivers
v0x18829b0_0 .net "reset", 0 0, C4<z>; 0 drivers
v0x1882a50_0 .net "row_count", 7 0, C4<zzzzzzzz>; 0 drivers
E_0x1847220/0 .event negedge, v0x18829b0_0;
E_0x1847220/1 .event posedge, v0x18826e0_0;
E_0x1847220 .event/or E_0x1847220/0, E_0x1847220/1;
L_0x1882bd0 .concat [ 1 1 1 0], C4<z>, C4<z>, C4<z>;
L_0x1882d60 .concat [ 3 1 0 0], L_0x1882bd0, C4<0>;
L_0x1882e50 .reduce/nor C4<z>;
    .scope S_0x18451b0;
T_0 ;
    %wait E_0x1847220;
    %load/v 8, v0x18829b0_0, 1;
    %jmp/0xz  T_0.0, 8;
    %ix/load 0, 1, 0;
    %assign/v0 v0x1882540_0, 0, 0;
    %ix/load 0, 6, 0;
    %assign/v0 v0x1882640_0, 0, 0;
    %jmp T_0.1;
T_0.0 ;
    %load/v 8, v0x18823b0_0, 9;
    %cmpi/u 8, 1, 9;
    %mov 8, 4, 1;
    %load/v 9, v0x1882a50_0, 8;
    %mov 17, 0, 1;
    %cmpi/u 9, 88, 9;
    %mov 9, 4, 1;
    %load/v 10, v0x1882a50_0, 8;
    %mov 18, 0, 1;
    %cmpi/u 10, 120, 9;
    %or 9, 4, 1;
    %load/v 10, v0x1882a50_0, 8;
    %mov 18, 0, 1;
    %cmpi/u 10, 152, 9;
    %or 9, 4, 1;
    %load/v 10, v0x1882a50_0, 8;
    %mov 18, 0, 1;
    %cmpi/u 10, 184, 9;
    %or 9, 4, 1;
    %and 8, 9, 1;
    %load/v 9, v0x1882640_0, 6;
    %mov 15, 0, 1;
    %cmp/u 0, 9, 7;
    %mov 9, 5, 1;
    %load/v 10, v0x1882640_0, 6;
    %mov 16, 0, 1;
   %cmpi/u 10, 60, 7;
    %mov 10, 5, 1;
    %and 9, 10, 1;
    %or 8, 9, 1;
    %jmp/0xz  T_0.2, 8;
    %ix/load 0, 1, 0;
    %assign/v0 v0x1882540_0, 0, 1;
    %load/v 8, v0x1882640_0, 6;
    %mov 14, 0, 1;
    %addi 8, 1, 7;
    %ix/load 0, 6, 0;
    %assign/v0 v0x1882640_0, 0, 8;
    %jmp T_0.3;
T_0.2 ;
    %ix/load 0, 1, 0;
    %assign/v0 v0x1882540_0, 0, 0;
    %ix/load 0, 6, 0;
    %assign/v0 v0x1882640_0, 0, 0;
T_0.3 ;
T_0.1 ;
    %jmp T_0;
    .thread T_0;
    .scope S_0x18451b0;
T_1 ;
    %wait E_0x1847220;
    %load/v 8, v0x18829b0_0, 1;
    %jmp/0xz  T_1.0, 8;
    %ix/load 0, 32, 0;
    %assign/v0 v0x1882040_0, 0, 0;
    %jmp T_1.1;
T_1.0 ;
    %load/v 8, v0x1882540_0, 1;
    %jmp/0xz  T_1.2, 8;
    %ix/load 0, 32, 0;
    %assign/v0 v0x1882040_0, 0, 0;
    %jmp T_1.3;
T_1.2 ;
    %movi 8, 96, 9;
    %load/v 17, v0x18823b0_0, 9;
    %cmp/u 8, 17, 9;
    %or 5, 4, 1;
    %mov 8, 5, 1;
    %load/v 9, v0x18823b0_0, 9;
   %cmpi/u 9, 224, 9;
    %or 5, 4, 1;
    %mov 9, 5, 1;
    %and 8, 9, 1;
    %jmp/0xz  T_1.4, 8;
    %ix/load 0, 1, 0;
    %load/vp0 8, v0x1882040_0, 32;
    %ix/load 0, 32, 0;
    %assign/v0 v0x1882040_0, 0, 8;
T_1.4 ;
T_1.3 ;
T_1.1 ;
    %jmp T_1;
    .thread T_1;
    .scope S_0x18451b0;
T_2 ;
    %wait E_0x1847220;
    %load/v 8, v0x18829b0_0, 1;
    %jmp/0xz  T_2.0, 8;
    %ix/load 0, 1, 0;
    %assign/v0 v0x18824a0_0, 0, 0;
    %ix/load 0, 10, 0;
    %assign/v0 v0x18827f0_0, 0, 0;
    %jmp T_2.1;
T_2.0 ;
    %ix/load 0, 1, 0;
    %load/vp0 8, v0x18824a0_0, 1;
    %ix/load 0, 1, 0;
    %assign/v0 v0x18824a0_0, 0, 8;
    %movi 8, 96, 9;
    %load/v 17, v0x18823b0_0, 9;
    %cmp/u 8, 17, 9;
    %or 5, 4, 1;
    %mov 8, 5, 1;
    %load/v 9, v0x18823b0_0, 9;
   %cmpi/u 9, 224, 9;
    %or 5, 4, 1;
    %mov 9, 5, 1;
    %and 8, 9, 1;
    %jmp/0xz  T_2.2, 8;
    %load/v 8, v0x18824a0_0, 1;
    %jmp/0xz  T_2.4, 8;
    %ix/load 1, 22, 0;
    %mov 4, 0, 1;
    %jmp/1 T_2.6, 4;
    %load/x1p 18, v0x1882190_0, 2;
    %jmp T_2.7;
T_2.6 ;
    %mov 18, 2, 2;
T_2.7 ;
    %mov 8, 18, 2; Move signal select into place
    %mov 10, 0, 2;
    %ix/load 1, 16, 0;
    %mov 4, 0, 1;
    %jmp/1 T_2.8, 4;
    %load/x1p 18, v0x1882190_0, 6;
    %jmp T_2.9;
T_2.8 ;
    %mov 18, 2, 6;
T_2.9 ;
    %mov 12, 18, 6; Move signal select into place
    %ix/load 0, 10, 0;
    %assign/v0 v0x18827f0_0, 0, 8;
    %jmp T_2.5;
T_2.4 ;
    %ix/load 1, 6, 0;
    %mov 4, 0, 1;
    %jmp/1 T_2.10, 4;
    %load/x1p 18, v0x1882190_0, 2;
    %jmp T_2.11;
T_2.10 ;
    %mov 18, 2, 2;
T_2.11 ;
    %mov 8, 18, 2; Move signal select into place
    %mov 10, 0, 2;
    %load/v 12, v0x1882190_0, 6; Select 6 out of 32 bits
    %ix/load 0, 10, 0;
    %assign/v0 v0x18827f0_0, 0, 8;
T_2.5 ;
    %jmp T_2.3;
T_2.2 ;
    %movi 8, 600, 10;
    %ix/load 0, 10, 0;
    %assign/v0 v0x18827f0_0, 0, 8;
T_2.3 ;
T_2.1 ;
    %jmp T_2;
    .thread T_2;
# The file index is used to find the file name in the following table.
:file_names 3;
    "N/A";
    "<interactive>";
    "block_to_pixel_v1.v";
